[2016-09-14T20:14:55+01:00] WARN: No config file found or specified on command line, using command line options.
[2016-09-14T20:14:55+01:00] INFO: Auto-discovered chef repository at /root
[2016-09-14T20:14:56+01:00] INFO: Started chef-zero at chefzero://localhost:8889 with repository at /root
  One version per cookbook

[2016-09-14T20:14:56+01:00] INFO: Forking chef instance to converge...
[2016-09-14T20:14:56+01:00] INFO: *** Chef 12.13.37 ***
[2016-09-14T20:14:56+01:00] INFO: Platform: x86_64-linux
[2016-09-14T20:14:56+01:00] INFO: Chef-client pid: 21255
[2016-09-14T20:15:00+01:00] WARN: Run List override has been provided.
[2016-09-14T20:15:00+01:00] WARN: Original Run List: [recipe[nginx::default], recipe[iptables::default]]
[2016-09-14T20:15:00+01:00] WARN: Overridden Run List: [recipe[jboss]]
[2016-09-14T20:15:00+01:00] INFO: Run List is [recipe[jboss]]
[2016-09-14T20:15:00+01:00] INFO: Run List expands to [jboss]
[2016-09-14T20:15:00+01:00] INFO: Starting Chef Run for pet
[2016-09-14T20:15:00+01:00] INFO: Running start handlers
[2016-09-14T20:15:00+01:00] INFO: Start handlers complete.
[2016-09-14T20:15:00+01:00] INFO: HTTP Request Returned 404 Not Found: Object not found: 
[2016-09-14T20:15:01+01:00] INFO: Loading cookbooks [jboss@2.1.1, java@1.42.0, apt@4.0.1, windows@2.0.2, homebrew@2.1.2, compat_resource@12.10.7, build-essential@6.0.4, seven_zip@2.0.2, mingw@1.2.4]
[2016-09-14T20:15:01+01:00] INFO: Skipping removal of obsoleted cookbooks from the cache
[2016-09-14T20:15:01+01:00] INFO: Storing updated cookbooks/jboss/templates/default/output_1_run.log in the cache.
[2016-09-14T20:15:01+01:00] WARN: Chef::Provider::AptRepository already exists!  Cannot create deprecation class for LWRP provider apt_repository from cookbook apt
[2016-09-14T20:15:01+01:00] WARN: AptRepository already exists!  Deprecation class overwrites Custom resource apt_repository from cookbook apt
[2016-09-14T20:15:01+01:00] INFO: Processing log[jdk-version-changed] action nothing (java::notify line 29)
[2016-09-14T20:15:01+01:00] INFO: Processing yum_package[java-1.6.0-openjdk] action install (java::openjdk line 54)
[2016-09-14T20:15:04+01:00] INFO: Processing yum_package[java-1.6.0-openjdk-devel] action install (java::openjdk line 54)
[2016-09-14T20:15:04+01:00] INFO: Processing java_alternatives[set-java-alternatives] action set (java::openjdk line 60)
[2016-09-14T20:15:08+01:00] INFO: Processing ruby_block[set-env-java-home] action run (java::set_java_home line 19)
[2016-09-14T20:15:08+01:00] INFO: ruby_block[set-env-java-home] called
[2016-09-14T20:15:08+01:00] INFO: Processing directory[/etc/profile.d] action create (java::set_java_home line 26)
[2016-09-14T20:15:08+01:00] INFO: Processing template[/etc/profile.d/jdk.sh] action create (java::set_java_home line 30)
[2016-09-14T20:15:08+01:00] INFO: Processing yum_package[unzip] action install (jboss::default line 11)
[2016-09-14T20:15:08+01:00] INFO: Processing user[jboss] action create (jboss::default line 17)
[2016-09-14T20:15:08+01:00] INFO: Processing group[jboss] action create (jboss::default line 22)
[2016-09-14T20:15:08+01:00] INFO: Processing remote_file[/opt/jboss-as-distribution-6.1.0.Final.zip] action create (jboss::default line 28)
[2016-09-14T20:15:48+01:00] INFO: remote_file[/opt/jboss-as-distribution-6.1.0.Final.zip] created file /opt/jboss-as-distribution-6.1.0.Final.zip
[2016-09-14T20:15:49+01:00] INFO: remote_file[/opt/jboss-as-distribution-6.1.0.Final.zip] updated file contents /opt/jboss-as-distribution-6.1.0.Final.zip
[2016-09-14T20:15:49+01:00] INFO: remote_file[/opt/jboss-as-distribution-6.1.0.Final.zip] owner changed to 0
[2016-09-14T20:15:49+01:00] INFO: remote_file[/opt/jboss-as-distribution-6.1.0.Final.zip] group changed to 0
[2016-09-14T20:15:49+01:00] INFO: remote_file[/opt/jboss-as-distribution-6.1.0.Final.zip] mode changed to 755
[2016-09-14T20:15:50+01:00] INFO: Processing execute[jboss_unzip] action run (jboss::default line 38)
[2016-09-14T20:15:52+01:00] INFO: execute[jboss_unzip] ran successfully
[2016-09-14T20:15:52+01:00] INFO: Processing remote_file[/tmp/testweb.zip] action create (jboss::default line 46)
[2016-09-14T20:15:52+01:00] INFO: Processing execute[app_deploy] action run (jboss::default line 56)
[2016-09-14T20:15:52+01:00] INFO: execute[app_deploy] ran successfully
[2016-09-14T20:15:52+01:00] INFO: Processing execute[jboss_chown] action run (jboss::default line 64)
[2016-09-14T20:15:52+01:00] INFO: execute[jboss_chown] ran successfully
[2016-09-14T20:15:52+01:00] INFO: Processing template[/etc/init.d/jboss] action create (jboss::default line 71)
[2016-09-14T20:15:52+01:00] INFO: template[/etc/init.d/jboss] created file /etc/init.d/jboss
[2016-09-14T20:15:52+01:00] INFO: template[/etc/init.d/jboss] updated file contents /etc/init.d/jboss
[2016-09-14T20:15:52+01:00] INFO: template[/etc/init.d/jboss] owner changed to 0
[2016-09-14T20:15:52+01:00] INFO: template[/etc/init.d/jboss] group changed to 0
[2016-09-14T20:15:52+01:00] INFO: template[/etc/init.d/jboss] mode changed to 775
[2016-09-14T20:15:52+01:00] INFO: Processing service[jboss] action enable (jboss::default line 83)
[2016-09-14T20:15:52+01:00] INFO: Processing service[jboss] action start (jboss::default line 83)
[2016-09-14T20:15:52+01:00] INFO: service[jboss] started
[2016-09-14T20:15:52+01:00] WARN: Skipping final node save because override_runlist was given
[2016-09-14T20:15:52+01:00] INFO: Chef Run complete in 51.947923133 seconds
[2016-09-14T20:15:52+01:00] INFO: Skipping removal of unused files from the cache
[2016-09-14T20:15:52+01:00] INFO: Running report handlers
[2016-09-14T20:15:52+01:00] INFO: Report handlers complete
